Using pre-set license
Built from '2022.1/staging' branch; Version is '2022.1.16f1 (7321c9670bc2) revision 7545289'; Using compiler version '192829333'; Build Type 'Release'
OS: 'Windows 10  (10.0.19045) 64bit Education' Language: 'en' Physical Memory: 8117 MB
BatchMode: 1, IsHumanControllingUs: 0, StartBugReporterOnCrash: 0, Is64bit: 1, IsPro: 1

COMMAND LINE ARGUMENTS:
C:\Program Files\Unity\Hub\Editor\2022.1.16f1\Editor\Unity.exe
-adb2
-batchMode
-noUpm
-name
AssetImportWorker4
-projectPath
C:/Users/539993/OneDrive - eastsussexcollegegroup/Unity Games/2D RPG V2
-logFile
Logs/AssetImportWorker4.log
-srvPort
53091
Successfully changed project path to: C:/Users/539993/OneDrive - eastsussexcollegegroup/Unity Games/2D RPG V2
C:/Users/539993/OneDrive - eastsussexcollegegroup/Unity Games/2D RPG V2
[UnityMemory] Configuration Parameters - Can be set up in boot.config
    "memorysetup-bucket-allocator-granularity=16"
    "memorysetup-bucket-allocator-bucket-count=8"
    "memorysetup-bucket-allocator-block-size=33554432"
    "memorysetup-bucket-allocator-block-count=8"
    "memorysetup-main-allocator-block-size=16777216"
    "memorysetup-thread-allocator-block-size=16777216"
    "memorysetup-gfx-main-allocator-block-size=16777216"
    "memorysetup-gfx-thread-allocator-block-size=16777216"
    "memorysetup-cache-allocator-block-size=4194304"
    "memorysetup-typetree-allocator-block-size=2097152"
    "memorysetup-profiler-bucket-allocator-granularity=16"
    "memorysetup-profiler-bucket-allocator-bucket-count=8"
    "memorysetup-profiler-bucket-allocator-block-size=33554432"
    "memorysetup-profiler-bucket-allocator-block-count=8"
    "memorysetup-profiler-allocator-block-size=16777216"
    "memorysetup-profiler-editor-allocator-block-size=1048576"
    "memorysetup-temp-allocator-size-main=16777216"
    "memorysetup-job-temp-allocator-block-size=2097152"
    "memorysetup-job-temp-allocator-block-size-background=1048576"
    "memorysetup-job-temp-allocator-reduction-small-platforms=262144"
    "memorysetup-temp-allocator-size-background-worker=32768"
    "memorysetup-temp-allocator-size-job-worker=262144"
    "memorysetup-temp-allocator-size-preload-manager=33554432"
    "memorysetup-temp-allocator-size-nav-mesh-worker=65536"
    "memorysetup-temp-allocator-size-audio-worker=65536"
    "memorysetup-temp-allocator-size-cloud-worker=32768"
    "memorysetup-temp-allocator-size-gi-baking-worker=262144"
    "memorysetup-temp-allocator-size-gfx=262144"
Refreshing native plugins compatible for Editor in 163.85 ms, found 4 plugins.
Preloading 0 native plugins for Editor in 0.00 ms.
Initialize engine version: 2022.1.16f1 (7321c9670bc2)
[Subsystems] Discovering subsystems at path C:/Program Files/Unity/Hub/Editor/2022.1.16f1/Editor/Data/Resources/UnitySubsystems
[Subsystems] Discovering subsystems at path C:/Users/539993/OneDrive - eastsussexcollegegroup/Unity Games/2D RPG V2/Assets
GfxDevice: creating device client; threaded=0; jobified=0
Direct3D:
    Version:  Direct3D 11.0 [level 11.1]
    Renderer: NVIDIA GeForce GTX 1650 (ID=0x2188)
    Vendor:   NVIDIA
    VRAM:     3949 MB
    Driver:   31.0.15.3758
Initialize mono
Mono path[0] = 'C:/Program Files/Unity/Hub/Editor/2022.1.16f1/Editor/Data/Managed'
Mono path[1] = 'C:/Program Files/Unity/Hub/Editor/2022.1.16f1/Editor/Data/MonoBleedingEdge/lib/mono/unityjit-win32'
Mono config path = 'C:/Program Files/Unity/Hub/Editor/2022.1.16f1/Editor/Data/MonoBleedingEdge/etc'
Using monoOptions --debugger-agent=transport=dt_socket,embedding=1,server=y,suspend=n,address=127.0.0.1:56272
Begin MonoManager ReloadAssembly
Registering precompiled unity dll's ...
Register platform support module: C:/Program Files/Unity/Hub/Editor/2022.1.16f1/Editor/Data/PlaybackEngines/WebGLSupport/UnityEditor.WebGL.Extensions.dll
Register platform support module: C:/Program Files/Unity/Hub/Editor/2022.1.16f1/Editor/Data/PlaybackEngines/MacStandaloneSupport/UnityEditor.OSXStandalone.Extensions.dll
Register platform support module: C:/Program Files/Unity/Hub/Editor/2022.1.16f1/Editor/Data/PlaybackEngines/AndroidPlayer/UnityEditor.Android.Extensions.dll
Register platform support module: C:/Program Files/Unity/Hub/Editor/2022.1.16f1/Editor/Data/PlaybackEngines/iOSSupport/UnityEditor.iOS.Extensions.dll
Register platform support module: C:/Program Files/Unity/Hub/Editor/2022.1.16f1/Editor/Data/PlaybackEngines/AppleTVSupport/UnityEditor.AppleTV.Extensions.dll
Register platform support module: C:/Program Files/Unity/Hub/Editor/2022.1.16f1/Editor/Data/PlaybackEngines/WindowsStandaloneSupport/UnityEditor.WindowsStandalone.Extensions.dll
Register platform support module: C:/Program Files/Unity/Hub/Editor/2022.1.16f1/Editor/Data/PlaybackEngines/LinuxStandaloneSupport/UnityEditor.LinuxStandalone.Extensions.dll
Register platform support module: C:/Program Files/Unity/Hub/Editor/2022.1.16f1/Editor/Data/PlaybackEngines/MetroSupport/UnityEditor.UWP.Extensions.dll
Registered in 0.023446 seconds.
Native extension for UWP target not found
Native extension for LinuxStandalone target not found
Native extension for WindowsStandalone target not found
[usbmuxd] Start listen thread
[usbmuxd] Listen thread started
Native extension for AppleTV target not found
[usbmuxd] Start listen thread
[usbmuxd] Listen thread started
Native extension for iOS target not found
Native extension for Android target not found
Native extension for OSXStandalone target not found
Native extension for WebGL target not found
Refreshing native plugins compatible for Editor in 135.33 ms, found 4 plugins.
Preloading 0 native plugins for Editor in 0.00 ms.
Mono: successfully reloaded assembly
- Completed reload, in  0.901 seconds
Domain Reload Profiling:
	ReloadAssembly (901ms)
		BeginReloadAssembly (116ms)
			ExecutionOrderSort (0ms)
			DisableScriptedObjects (0ms)
			BackupInstance (0ms)
			ReleaseScriptingObjects (0ms)
			CreateAndSetChildDomain (1ms)
		EndReloadAssembly (616ms)
			LoadAssemblies (115ms)
			RebuildTransferFunctionScriptingTraits (0ms)
			SetupTypeCache (153ms)
				TypeCache.Initialize (152ms)
					TypeCache.ScanAssembly (149ms)
				ResolveRequiredComponents (1ms)
			ReleaseScriptCaches (0ms)
			RebuildScriptCaches (26ms)
			SetupLoadedEditorAssemblies (363ms)
				LogAssemblyErrors (0ms)
				InitializePlatformSupportModulesInManaged (78ms)
				SetLoadedEditorAssemblies (6ms)
				RefreshPlugins (135ms)
				BeforeProcessingInitializeOnLoad (1ms)
				ProcessInitializeOnLoadAttributes (100ms)
				ProcessInitializeOnLoadMethodAttributes (42ms)
				AfterProcessingInitializeOnLoad (0ms)
				EditorAssembliesLoaded (0ms)
			ExecutionOrderSort2 (0ms)
			AwakeInstancesAfterBackupRestoration (0ms)
Platform modules already initialized, skipping
Registering precompiled user dll's ...
Registered in 0.010465 seconds.
Begin MonoManager ReloadAssembly
Symbol file LoadedFromMemory doesn't match image C:\Users\539993\OneDrive - eastsussexcollegegroup\Unity Games\2D RPG V2\Library\PackageCache\com.unity.visualscripting@1.7.8\Editor\VisualScripting.Core\Dependencies\YamlDotNet\Unity.VisualScripting.YamlDotNet.dll
Symbol file LoadedFromMemory doesn't match image C:\Users\539993\OneDrive - eastsussexcollegegroup\Unity Games\2D RPG V2\Library\PackageCache\com.unity.visualscripting@1.7.8\Editor\VisualScripting.Core\Dependencies\DotNetZip\Unity.VisualScripting.IonicZip.dll
Native extension for UWP target not found
Native extension for LinuxStandalone target not found
Native extension for WindowsStandalone target not found
Native extension for AppleTV target not found
Native extension for iOS target not found
Native extension for Android target not found
Native extension for OSXStandalone target not found
Native extension for WebGL target not found
Refreshing native plugins compatible for Editor in 139.74 ms, found 4 plugins.
Preloading 0 native plugins for Editor in 0.00 ms.
Mono: successfully reloaded assembly
- Completed reload, in 12.112 seconds
Domain Reload Profiling:
	ReloadAssembly (12113ms)
		BeginReloadAssembly (141ms)
			ExecutionOrderSort (0ms)
			DisableScriptedObjects (5ms)
			BackupInstance (0ms)
			ReleaseScriptingObjects (0ms)
			CreateAndSetChildDomain (25ms)
		EndReloadAssembly (11729ms)
			LoadAssemblies (6532ms)
			RebuildTransferFunctionScriptingTraits (0ms)
			SetupTypeCache (1039ms)
				TypeCache.Initialize (1027ms)
					TypeCache.ScanAssembly (1022ms)
				ResolveRequiredComponents (12ms)
			ReleaseScriptCaches (2ms)
			RebuildScriptCaches (78ms)
			SetupLoadedEditorAssemblies (4035ms)
				LogAssemblyErrors (0ms)
				InitializePlatformSupportModulesInManaged (39ms)
				SetLoadedEditorAssemblies (7ms)
				RefreshPlugins (140ms)
				BeforeProcessingInitializeOnLoad (157ms)
				ProcessInitializeOnLoadAttributes (571ms)
				ProcessInitializeOnLoadMethodAttributes (3106ms)
				AfterProcessingInitializeOnLoad (15ms)
				EditorAssembliesLoaded (0ms)
			ExecutionOrderSort2 (0ms)
			AwakeInstancesAfterBackupRestoration (5ms)
Platform modules already initialized, skipping
========================================================================
Worker process is ready to serve import requests
Launched and connected shader compiler UnityShaderCompiler.exe after 0.10 seconds
Refreshing native plugins compatible for Editor in 1.57 ms, found 4 plugins.
Preloading 0 native plugins for Editor in 0.00 ms.
Unloading 6240 Unused Serialized files (Serialized files now loaded: 0)
Unloading 56 unused Assets / (418.3 KB). Loaded Objects now: 6697.
Memory consumption went from 0.96 GB to 0.96 GB.
Total: 43.328400 ms (FindLiveObjects: 0.847200 ms CreateObjectMapping: 0.191600 ms MarkObjects: 42.059400 ms  DeleteObjects: 0.228700 ms)

AssetImportParameters requested are different than current active one (requested -> active):
  custom:video-decoder-ogg-theora: a1e56fd34408186e4bbccfd4996cb3dc -> 
  custom:container-muxer-webm: aa71ff27fc2769a1b78a27578f13a17b -> 
  custom:container-demuxer-webm: 4f35f7cbe854078d1ac9338744f61a02 -> 
  custom:video-encoder-webm-vp8: eb34c28f22e8b96e1ab97ce403110664 -> 
  custom:audio-encoder-webm-vorbis: bf7c407c2cedff20999df2af8eb42d56 -> 
  custom:framework-win-MediaFoundation: 216162199b28c13a410421893ffa2e32 -> 
  custom:container-demuxer-ogg: 62fdf1f143b41e24485cea50d1cbac27 -> 
  custom:video-decoder-webm-vp8: 9c59270c3fd7afecdb556c50c9e8de78 -> 
  custom:audio-decoder-ogg-vorbis: bf7c407c2cedff20999df2af8eb42d56 -> 
========================================================================
Received Import Request.
  Time since last request: 3289.530094 seconds.
  path: Assets/Tilesets/Grass/Ground Tileset_41.asset
  artifactKey: Guid(fec4a2043cadfaf4fa7086ff2f607807) Importer(815301076,1909f56bfc062723c751e8b465ee728b)
Start importing Assets/Tilesets/Grass/Ground Tileset_41.asset using Guid(fec4a2043cadfaf4fa7086ff2f607807) Importer(815301076,1909f56bfc062723c751e8b465ee728b)  -> (artifact id: '4c796e8ba70ab0396e39081ff33651c6') in 0.100100 seconds 
========================================================================
Received Import Request.
  Time since last request: 0.000042 seconds.
  path: Assets/Tilesets/Grass/Ground Tileset_37.asset
  artifactKey: Guid(28c6cfd52e8b9d849b92f39cef2e0454) Importer(815301076,1909f56bfc062723c751e8b465ee728b)
Start importing Assets/Tilesets/Grass/Ground Tileset_37.asset using Guid(28c6cfd52e8b9d849b92f39cef2e0454) Importer(815301076,1909f56bfc062723c751e8b465ee728b)  -> (artifact id: '4d51f36afffff546ee24b74baf4023c1') in 0.021781 seconds 
========================================================================
Received Import Request.
  Time since last request: 0.000052 seconds.
  path: Assets/Tilesets/Grass/Ground Tileset_38.asset
  artifactKey: Guid(e605021044d0973489d544b67ba9223f) Importer(815301076,1909f56bfc062723c751e8b465ee728b)
Start importing Assets/Tilesets/Grass/Ground Tileset_38.asset using Guid(e605021044d0973489d544b67ba9223f) Importer(815301076,1909f56bfc062723c751e8b465ee728b)  -> (artifact id: 'e2c15223df070629cfde5a4d5541c125') in 0.121755 seconds 
========================================================================
Received Import Request.
  Time since last request: 34.201560 seconds.
  path: Assets/Tilesets/Grass/Ground Tile Palette.prefab
  artifactKey: Guid(073cb382b0807d644b43b891e112efe2) Importer(815301076,1909f56bfc062723c751e8b465ee728b)
Start importing Assets/Tilesets/Grass/Ground Tile Palette.prefab using Guid(073cb382b0807d644b43b891e112efe2) Importer(815301076,1909f56bfc062723c751e8b465ee728b)  -> (artifact id: 'b344dcd1d53c58558a60685dcdd10eee') in 0.227933 seconds 
========================================================================
Received Import Request.
  Time since last request: 6.952684 seconds.
  path: Assets/Tilesets/Grass/Ground Tile Palette.prefab
  artifactKey: Guid(073cb382b0807d644b43b891e112efe2) Importer(815301076,1909f56bfc062723c751e8b465ee728b)
Start importing Assets/Tilesets/Grass/Ground Tile Palette.prefab using Guid(073cb382b0807d644b43b891e112efe2) Importer(815301076,1909f56bfc062723c751e8b465ee728b)  -> (artifact id: 'a7e6939225c950cf5e126c1732d7a3b2') in 0.046491 seconds 
========================================================================
Received Import Request.
  Time since last request: 114.151058 seconds.
  path: Assets/Tilesets/Grass/Ground Tile Palette.prefab
  artifactKey: Guid(073cb382b0807d644b43b891e112efe2) Importer(815301076,1909f56bfc062723c751e8b465ee728b)
Start importing Assets/Tilesets/Grass/Ground Tile Palette.prefab using Guid(073cb382b0807d644b43b891e112efe2) Importer(815301076,1909f56bfc062723c751e8b465ee728b)  -> (artifact id: '483c1093726790966462b4a7a79acd76') in 0.039495 seconds 
========================================================================
Received Import Request.
  Time since last request: 378.860329 seconds.
  path: Assets/Tilesets/Grass/Ground Tile Palette.prefab
  artifactKey: Guid(073cb382b0807d644b43b891e112efe2) Importer(815301076,1909f56bfc062723c751e8b465ee728b)
Start importing Assets/Tilesets/Grass/Ground Tile Palette.prefab using Guid(073cb382b0807d644b43b891e112efe2) Importer(815301076,1909f56bfc062723c751e8b465ee728b)  -> (artifact id: '769fd0a69538f599b4360fee66e54295') in 0.049301 seconds 
========================================================================
Received Import Request.
  Time since last request: 702.464951 seconds.
  path: Assets/Tilesets/Grass/Ground Tileset_0.asset
  artifactKey: Guid(e48c4a14d63fcf9498c1b5a221137cc2) Importer(815301076,1909f56bfc062723c751e8b465ee728b)
Start importing Assets/Tilesets/Grass/Ground Tileset_0.asset using Guid(e48c4a14d63fcf9498c1b5a221137cc2) Importer(815301076,1909f56bfc062723c751e8b465ee728b)  -> (artifact id: '0bfbf3874cae49230c11c471747c771a') in 0.041876 seconds 
========================================================================
Received Import Request.
  Time since last request: 0.018388 seconds.
  path: Assets/Tilesets/Grass/Ground Tileset_4.asset
  artifactKey: Guid(0f1849eb10e73c149a93b0797c23a4f4) Importer(815301076,1909f56bfc062723c751e8b465ee728b)
Start importing Assets/Tilesets/Grass/Ground Tileset_4.asset using Guid(0f1849eb10e73c149a93b0797c23a4f4) Importer(815301076,1909f56bfc062723c751e8b465ee728b)  -> (artifact id: 'f2e1a154969cc5784d0b8ef31b64be0b') in 0.039885 seconds 
========================================================================
Received Import Request.
  Time since last request: 0.000040 seconds.
  path: Assets/Tilesets/Grass/Ground Tileset_25.asset
  artifactKey: Guid(d5f23317dd911af49933eab685b02d63) Importer(815301076,1909f56bfc062723c751e8b465ee728b)
Start importing Assets/Tilesets/Grass/Ground Tileset_25.asset using Guid(d5f23317dd911af49933eab685b02d63) Importer(815301076,1909f56bfc062723c751e8b465ee728b)  -> (artifact id: 'b5b9f91cb011a7ed724bffa7f51c0423') in 0.033383 seconds 
========================================================================
Received Import Request.
  Time since last request: 0.000203 seconds.
  path: Assets/Tilesets/Grass/Ground Tileset_20.asset
  artifactKey: Guid(986a3809523dc6245b66ece91a7d9682) Importer(815301076,1909f56bfc062723c751e8b465ee728b)
Start importing Assets/Tilesets/Grass/Ground Tileset_20.asset using Guid(986a3809523dc6245b66ece91a7d9682) Importer(815301076,1909f56bfc062723c751e8b465ee728b)  -> (artifact id: 'e7ed02027089a7a048cc6dc07df111d8') in 0.037569 seconds 
========================================================================
Received Import Request.
  Time since last request: 0.000034 seconds.
  path: Assets/Tilesets/Grass/Ground Tileset_11.asset
  artifactKey: Guid(4300722c9889fe544b28d501776011cd) Importer(815301076,1909f56bfc062723c751e8b465ee728b)
Start importing Assets/Tilesets/Grass/Ground Tileset_11.asset using Guid(4300722c9889fe544b28d501776011cd) Importer(815301076,1909f56bfc062723c751e8b465ee728b)  -> (artifact id: '5ca0ab485cd8a2700ecc38238841b621') in 0.036679 seconds 
========================================================================
Received Import Request.
  Time since last request: 0.000042 seconds.
  path: Assets/Tilesets/Grass/Ground Tileset_24.asset
  artifactKey: Guid(7a1913b5a82217e4593c1b30e8c421aa) Importer(815301076,1909f56bfc062723c751e8b465ee728b)
Start importing Assets/Tilesets/Grass/Ground Tileset_24.asset using Guid(7a1913b5a82217e4593c1b30e8c421aa) Importer(815301076,1909f56bfc062723c751e8b465ee728b)  -> (artifact id: 'a2b295e7f731aefeacb73306f31ae3c5') in 0.040419 seconds 
========================================================================
Received Import Request.
  Time since last request: 0.000043 seconds.
  path: Assets/Tilesets/Grass/Ground Tileset_21.asset
  artifactKey: Guid(a824210badf2d5f4f8634c31cc12b4cb) Importer(815301076,1909f56bfc062723c751e8b465ee728b)
Start importing Assets/Tilesets/Grass/Ground Tileset_21.asset using Guid(a824210badf2d5f4f8634c31cc12b4cb) Importer(815301076,1909f56bfc062723c751e8b465ee728b)  -> (artifact id: '0f10f60efc38d14ef8b19178a745a4fb') in 0.029330 seconds 
========================================================================
Received Import Request.
  Time since last request: 0.000033 seconds.
  path: Assets/Tilesets/Grass/Ground Tileset_10.asset
  artifactKey: Guid(6449ad1109ec3414b8a4f32a33950e59) Importer(815301076,1909f56bfc062723c751e8b465ee728b)
Start importing Assets/Tilesets/Grass/Ground Tileset_10.asset using Guid(6449ad1109ec3414b8a4f32a33950e59) Importer(815301076,1909f56bfc062723c751e8b465ee728b)  -> (artifact id: '15696a0109234b68e08fd816fe2cae89') in 0.029816 seconds 
========================================================================
Received Import Request.
  Time since last request: 0.000060 seconds.
  path: Assets/Tilesets/Grass/Ground Tileset_28.asset
  artifactKey: Guid(9ab7b0d714cc14b44b0068f92c5a96de) Importer(815301076,1909f56bfc062723c751e8b465ee728b)
Start importing Assets/Tilesets/Grass/Ground Tileset_28.asset using Guid(9ab7b0d714cc14b44b0068f92c5a96de) Importer(815301076,1909f56bfc062723c751e8b465ee728b)  -> (artifact id: 'bb4495f4207339b02b7cbba7122a3f85') in 0.027908 seconds 
========================================================================
Received Import Request.
  Time since last request: 0.000032 seconds.
  path: Assets/Tilesets/Grass/Ground Tileset_19.asset
  artifactKey: Guid(c2a3fc2b79183734fbdb8f422e08dd47) Importer(815301076,1909f56bfc062723c751e8b465ee728b)
Start importing Assets/Tilesets/Grass/Ground Tileset_19.asset using Guid(c2a3fc2b79183734fbdb8f422e08dd47) Importer(815301076,1909f56bfc062723c751e8b465ee728b)  -> (artifact id: 'd96ce8af09dfdec866ffa03cd119e0b8') in 0.026707 seconds 
========================================================================
Received Import Request.
  Time since last request: 0.000060 seconds.
  path: Assets/Tilesets/Grass/Ground Tileset_15.asset
  artifactKey: Guid(1ae41525da271584ea4f8271b1fac6b7) Importer(815301076,1909f56bfc062723c751e8b465ee728b)
Start importing Assets/Tilesets/Grass/Ground Tileset_15.asset using Guid(1ae41525da271584ea4f8271b1fac6b7) Importer(815301076,1909f56bfc062723c751e8b465ee728b)  -> (artifact id: 'f4f2a7eafb11441c3bdbb3d927533128') in 0.032301 seconds 
========================================================================
Received Import Request.
  Time since last request: 0.000035 seconds.
  path: Assets/Tilesets/Grass/Ground Tileset_14.asset
  artifactKey: Guid(3e333823ec581a94eb748b382db32b68) Importer(815301076,1909f56bfc062723c751e8b465ee728b)
Start importing Assets/Tilesets/Grass/Ground Tileset_14.asset using Guid(3e333823ec581a94eb748b382db32b68) Importer(815301076,1909f56bfc062723c751e8b465ee728b)  -> (artifact id: '04e90572476d2d10156d1a3db38c6b3e') in 0.028754 seconds 
========================================================================
Received Import Request.
  Time since last request: 0.000070 seconds.
  path: Assets/Tilesets/Grass/Ground Tileset_5.asset
  artifactKey: Guid(ad090b7cd9033c940985e249ecc4ab51) Importer(815301076,1909f56bfc062723c751e8b465ee728b)
Start importing Assets/Tilesets/Grass/Ground Tileset_5.asset using Guid(ad090b7cd9033c940985e249ecc4ab51) Importer(815301076,1909f56bfc062723c751e8b465ee728b)  -> (artifact id: '9de5e5704f4cc8191ee718858de62a69') in 0.026826 seconds 
========================================================================
Received Import Request.
  Time since last request: 0.000054 seconds.
  path: Assets/Tilesets/Grass/Ground Tileset_30.asset
  artifactKey: Guid(8140620a4d2eef941b465ea8cf743f13) Importer(815301076,1909f56bfc062723c751e8b465ee728b)
Start importing Assets/Tilesets/Grass/Ground Tileset_30.asset using Guid(8140620a4d2eef941b465ea8cf743f13) Importer(815301076,1909f56bfc062723c751e8b465ee728b)  -> (artifact id: 'bf51dd5c2c4f1c7d7a66fe5d40bb65a6') in 0.026256 seconds 
========================================================================
Received Import Request.
  Time since last request: 0.000043 seconds.
  path: Assets/Tilesets/Grass/Ground Tileset_26.asset
  artifactKey: Guid(a21c864d5cfa00248919c12e210d9e3e) Importer(815301076,1909f56bfc062723c751e8b465ee728b)
Start importing Assets/Tilesets/Grass/Ground Tileset_26.asset using Guid(a21c864d5cfa00248919c12e210d9e3e) Importer(815301076,1909f56bfc062723c751e8b465ee728b)  -> (artifact id: 'b87de0dc69484963a6bc840dcdae6b89') in 0.030925 seconds 
========================================================================
Received Import Request.
  Time since last request: 0.000056 seconds.
  path: Assets/Tilesets/Grass/Ground Tileset_32.asset
  artifactKey: Guid(363edaba56d0770409da24baea79274f) Importer(815301076,1909f56bfc062723c751e8b465ee728b)
Start importing Assets/Tilesets/Grass/Ground Tileset_32.asset using Guid(363edaba56d0770409da24baea79274f) Importer(815301076,1909f56bfc062723c751e8b465ee728b)  -> (artifact id: 'a95b38cc3ec6452331f34edc3bf39129') in 0.029844 seconds 
========================================================================
Received Import Request.
  Time since last request: 0.000043 seconds.
  path: Assets/Tilesets/Grass/Ground Tileset_9.asset
  artifactKey: Guid(8d8299a016e66654c9dae3ba5d2a6fe6) Importer(815301076,1909f56bfc062723c751e8b465ee728b)
Start importing Assets/Tilesets/Grass/Ground Tileset_9.asset using Guid(8d8299a016e66654c9dae3ba5d2a6fe6) Importer(815301076,1909f56bfc062723c751e8b465ee728b)  -> (artifact id: '405c383887170cfbe8b645c60c706415') in 0.031453 seconds 
========================================================================
Received Import Request.
  Time since last request: 16.846612 seconds.
  path: Assets/Tilesets/Grass/Ground Tileset_34.asset
  artifactKey: Guid(e78140acaed31a947a454ce52f547608) Importer(815301076,1909f56bfc062723c751e8b465ee728b)
Start importing Assets/Tilesets/Grass/Ground Tileset_34.asset using Guid(e78140acaed31a947a454ce52f547608) Importer(815301076,1909f56bfc062723c751e8b465ee728b)  -> (artifact id: 'ec20345dadd8f46a0603a92e39e1894e') in 0.034643 seconds 
========================================================================
Received Import Request.
  Time since last request: 0.000052 seconds.
  path: Assets/Tilesets/Grass/Ground Tileset_36.asset
  artifactKey: Guid(100b38353462d574b922cb2a46398b75) Importer(815301076,1909f56bfc062723c751e8b465ee728b)
Start importing Assets/Tilesets/Grass/Ground Tileset_36.asset using Guid(100b38353462d574b922cb2a46398b75) Importer(815301076,1909f56bfc062723c751e8b465ee728b)  -> (artifact id: 'c47737dc98f0372610fbf58afeb379dc') in 0.029711 seconds 
========================================================================
Received Import Request.
  Time since last request: 0.000058 seconds.
  path: Assets/Tilesets/Grass/Ground Tileset_37.asset
  artifactKey: Guid(28c6cfd52e8b9d849b92f39cef2e0454) Importer(815301076,1909f56bfc062723c751e8b465ee728b)
Start importing Assets/Tilesets/Grass/Ground Tileset_37.asset using Guid(28c6cfd52e8b9d849b92f39cef2e0454) Importer(815301076,1909f56bfc062723c751e8b465ee728b)  -> (artifact id: 'cd4d6f5524ae2aa43927d70aa51d4859') in 0.028305 seconds 
========================================================================
Received Import Request.
  Time since last request: 0.000051 seconds.
  path: Assets/Tilesets/Grass/Ground Tileset_38.asset
  artifactKey: Guid(e605021044d0973489d544b67ba9223f) Importer(815301076,1909f56bfc062723c751e8b465ee728b)
Start importing Assets/Tilesets/Grass/Ground Tileset_38.asset using Guid(e605021044d0973489d544b67ba9223f) Importer(815301076,1909f56bfc062723c751e8b465ee728b)  -> (artifact id: 'bd23323363bf7e35622538ca9c600909') in 0.021793 seconds 
========================================================================
Received Import Request.
  Time since last request: 0.039510 seconds.
  path: Assets/Tilesets/Grass/Ground Tileset_41.asset
  artifactKey: Guid(fec4a2043cadfaf4fa7086ff2f607807) Importer(815301076,1909f56bfc062723c751e8b465ee728b)
Start importing Assets/Tilesets/Grass/Ground Tileset_41.asset using Guid(fec4a2043cadfaf4fa7086ff2f607807) Importer(815301076,1909f56bfc062723c751e8b465ee728b)  -> (artifact id: '2aa02f35b3ee167c547eff3b39f34475') in 0.023737 seconds 
========================================================================
Received Import Request.
  Time since last request: 0.000040 seconds.
  path: Assets/Tilesets/Grass/Ground Tileset_46.asset
  artifactKey: Guid(ded56f139ad32bf40b040fa9bc888261) Importer(815301076,1909f56bfc062723c751e8b465ee728b)
Start importing Assets/Tilesets/Grass/Ground Tileset_46.asset using Guid(ded56f139ad32bf40b040fa9bc888261) Importer(815301076,1909f56bfc062723c751e8b465ee728b)  -> (artifact id: '0413dbf3cdbb9554ec55a0e05eb478a0') in 0.027708 seconds 
========================================================================
Received Import Request.
  Time since last request: 0.000045 seconds.
  path: Assets/Tilesets/Grass/Ground Tileset_45.asset
  artifactKey: Guid(59c3fd87dd8dd924c99403bd902d78e9) Importer(815301076,1909f56bfc062723c751e8b465ee728b)
Start importing Assets/Tilesets/Grass/Ground Tileset_45.asset using Guid(59c3fd87dd8dd924c99403bd902d78e9) Importer(815301076,1909f56bfc062723c751e8b465ee728b)  -> (artifact id: '3038fc7a5f3c2c03eec229f2f0fa8e98') in 0.027692 seconds 
========================================================================
Received Import Request.
  Time since last request: 0.000036 seconds.
  path: Assets/Tilesets/Grass/Ground Tileset_47.asset
  artifactKey: Guid(44bc98aaec5040d428222c0dc0b3df23) Importer(815301076,1909f56bfc062723c751e8b465ee728b)
Start importing Assets/Tilesets/Grass/Ground Tileset_47.asset using Guid(44bc98aaec5040d428222c0dc0b3df23) Importer(815301076,1909f56bfc062723c751e8b465ee728b)  -> (artifact id: 'f3e1be740ccc97e1988d3f5427b054f2') in 0.023918 seconds 
========================================================================
Received Import Request.
  Time since last request: 0.215157 seconds.
  path: Assets/Tilesets/Grass/Ground Tileset_48.asset
  artifactKey: Guid(28ae451a065966843907227d8250d5aa) Importer(815301076,1909f56bfc062723c751e8b465ee728b)
Start importing Assets/Tilesets/Grass/Ground Tileset_48.asset using Guid(28ae451a065966843907227d8250d5aa) Importer(815301076,1909f56bfc062723c751e8b465ee728b)  -> (artifact id: 'a98ae75619df44b748dbea50cd5415d9') in 0.025872 seconds 
========================================================================
Received Import Request.
  Time since last request: 13.377723 seconds.
  path: Assets/Tilesets/Grass/Ground Tile Palette.prefab
  artifactKey: Guid(073cb382b0807d644b43b891e112efe2) Importer(815301076,1909f56bfc062723c751e8b465ee728b)
Start importing Assets/Tilesets/Grass/Ground Tile Palette.prefab using Guid(073cb382b0807d644b43b891e112efe2) Importer(815301076,1909f56bfc062723c751e8b465ee728b)  -> (artifact id: 'dbfe0d00b14e97b2930569424b40d1c0') in 0.113338 seconds 
========================================================================
Received Import Request.
  Time since last request: 0.000069 seconds.
  path: Assets/Tilesets/Grass/Ground Tileset_7.asset
  artifactKey: Guid(79a6a16d2e65bcf458d1f18b35b622b3) Importer(815301076,1909f56bfc062723c751e8b465ee728b)
Start importing Assets/Tilesets/Grass/Ground Tileset_7.asset using Guid(79a6a16d2e65bcf458d1f18b35b622b3) Importer(815301076,1909f56bfc062723c751e8b465ee728b)  -> (artifact id: '2b0f504f29e448ee32509d78a27a8593') in 0.024377 seconds 
========================================================================
Received Import Request.
  Time since last request: 0.000072 seconds.
  path: Assets/Tilesets/Grass/Ground Tileset_11.asset
  artifactKey: Guid(4300722c9889fe544b28d501776011cd) Importer(815301076,1909f56bfc062723c751e8b465ee728b)
Start importing Assets/Tilesets/Grass/Ground Tileset_11.asset using Guid(4300722c9889fe544b28d501776011cd) Importer(815301076,1909f56bfc062723c751e8b465ee728b)  -> (artifact id: 'af0efc7086576ee8ef8d1c91a42a0c40') in 0.022495 seconds 
========================================================================
Received Import Request.
  Time since last request: 0.000045 seconds.
  path: Assets/Tilesets/Grass/Ground Tileset_31.asset
  artifactKey: Guid(3235ed2123e4bb1409e15669933c599d) Importer(815301076,1909f56bfc062723c751e8b465ee728b)
Start importing Assets/Tilesets/Grass/Ground Tileset_31.asset using Guid(3235ed2123e4bb1409e15669933c599d) Importer(815301076,1909f56bfc062723c751e8b465ee728b)  -> (artifact id: '6dbe267b41a2735ad7375530126fd1e4') in 0.017643 seconds 
========================================================================
Received Import Request.
  Time since last request: 0.000051 seconds.
  path: Assets/Tilesets/Grass/Ground Tileset_33.asset
  artifactKey: Guid(2dd21ffc5cdddce4e9c69d38472224d5) Importer(815301076,1909f56bfc062723c751e8b465ee728b)
Start importing Assets/Tilesets/Grass/Ground Tileset_33.asset using Guid(2dd21ffc5cdddce4e9c69d38472224d5) Importer(815301076,1909f56bfc062723c751e8b465ee728b)  -> (artifact id: 'e318ea9ac7705aaa24f91d8f84990215') in 0.020677 seconds 
========================================================================
Received Import Request.
  Time since last request: 0.000039 seconds.
  path: Assets/Tilesets/Grass/Ground Tileset_21.asset
  artifactKey: Guid(a824210badf2d5f4f8634c31cc12b4cb) Importer(815301076,1909f56bfc062723c751e8b465ee728b)
Start importing Assets/Tilesets/Grass/Ground Tileset_21.asset using Guid(a824210badf2d5f4f8634c31cc12b4cb) Importer(815301076,1909f56bfc062723c751e8b465ee728b)  -> (artifact id: 'b2f390268c575fded7a3bca934b98159') in 0.020629 seconds 
========================================================================
Received Import Request.
  Time since last request: 0.000058 seconds.
  path: Assets/Tilesets/Grass/Ground Tileset_10.asset
  artifactKey: Guid(6449ad1109ec3414b8a4f32a33950e59) Importer(815301076,1909f56bfc062723c751e8b465ee728b)
Start importing Assets/Tilesets/Grass/Ground Tileset_10.asset using Guid(6449ad1109ec3414b8a4f32a33950e59) Importer(815301076,1909f56bfc062723c751e8b465ee728b)  -> (artifact id: 'c11b67583dd9e7ccd3ccc17872098c35') in 0.022401 seconds 
========================================================================
Received Import Request.
  Time since last request: 0.000039 seconds.
  path: Assets/Tilesets/Grass/Ground Tileset_28.asset
  artifactKey: Guid(9ab7b0d714cc14b44b0068f92c5a96de) Importer(815301076,1909f56bfc062723c751e8b465ee728b)
Start importing Assets/Tilesets/Grass/Ground Tileset_28.asset using Guid(9ab7b0d714cc14b44b0068f92c5a96de) Importer(815301076,1909f56bfc062723c751e8b465ee728b)  -> (artifact id: '058b911c5fd765acd5f9a6fd6ac587c0') in 0.021249 seconds 
========================================================================
Received Import Request.
  Time since last request: 0.000041 seconds.
  path: Assets/Tilesets/Grass/Ground Tileset_19.asset
  artifactKey: Guid(c2a3fc2b79183734fbdb8f422e08dd47) Importer(815301076,1909f56bfc062723c751e8b465ee728b)
Start importing Assets/Tilesets/Grass/Ground Tileset_19.asset using Guid(c2a3fc2b79183734fbdb8f422e08dd47) Importer(815301076,1909f56bfc062723c751e8b465ee728b)  -> (artifact id: '7bad8f57d269e356ec4952a653c5408e') in 0.017636 seconds 
========================================================================
Received Import Request.
  Time since last request: 0.000052 seconds.
  path: Assets/Tilesets/Grass/Ground Tileset_15.asset
  artifactKey: Guid(1ae41525da271584ea4f8271b1fac6b7) Importer(815301076,1909f56bfc062723c751e8b465ee728b)
Start importing Assets/Tilesets/Grass/Ground Tileset_15.asset using Guid(1ae41525da271584ea4f8271b1fac6b7) Importer(815301076,1909f56bfc062723c751e8b465ee728b)  -> (artifact id: '29e41fc4d104b0b0c14e3a95153bf97a') in 0.018569 seconds 
========================================================================
Received Import Request.
  Time since last request: 0.000068 seconds.
  path: Assets/Tilesets/Grass/Ground Tileset_14.asset
  artifactKey: Guid(3e333823ec581a94eb748b382db32b68) Importer(815301076,1909f56bfc062723c751e8b465ee728b)
Start importing Assets/Tilesets/Grass/Ground Tileset_14.asset using Guid(3e333823ec581a94eb748b382db32b68) Importer(815301076,1909f56bfc062723c751e8b465ee728b)  -> (artifact id: 'f0689aecf7ef05ac90796dfd7be11b87') in 0.021734 seconds 
========================================================================
Received Import Request.
  Time since last request: 0.000039 seconds.
  path: Assets/Tilesets/Grass/Ground Tileset_5.asset
  artifactKey: Guid(ad090b7cd9033c940985e249ecc4ab51) Importer(815301076,1909f56bfc062723c751e8b465ee728b)
Start importing Assets/Tilesets/Grass/Ground Tileset_5.asset using Guid(ad090b7cd9033c940985e249ecc4ab51) Importer(815301076,1909f56bfc062723c751e8b465ee728b)  -> (artifact id: '2bb00cde1d42add39a6a83c4f6e6d845') in 0.019869 seconds 
========================================================================
Received Import Request.
  Time since last request: 0.000038 seconds.
  path: Assets/Tilesets/Grass/Ground Tileset_1.asset
  artifactKey: Guid(8540062e5ffeaac4eab9510d6d4f35e7) Importer(815301076,1909f56bfc062723c751e8b465ee728b)
Start importing Assets/Tilesets/Grass/Ground Tileset_1.asset using Guid(8540062e5ffeaac4eab9510d6d4f35e7) Importer(815301076,1909f56bfc062723c751e8b465ee728b)  -> (artifact id: '967ab1e9a2f8679cc85ba726cf653059') in 0.009617 seconds 
========================================================================
Received Import Request.
  Time since last request: 0.000043 seconds.
  path: Assets/Tilesets/Grass/Ground Tileset_30.asset
  artifactKey: Guid(8140620a4d2eef941b465ea8cf743f13) Importer(815301076,1909f56bfc062723c751e8b465ee728b)
Start importing Assets/Tilesets/Grass/Ground Tileset_30.asset using Guid(8140620a4d2eef941b465ea8cf743f13) Importer(815301076,1909f56bfc062723c751e8b465ee728b)  -> (artifact id: 'ba8017fcd1d283c4e4399636c24b53fa') in 0.024750 seconds 
========================================================================
Received Import Request.
  Time since last request: 0.000132 seconds.
  path: Assets/Tilesets/Grass/Ground Tileset_27.asset
  artifactKey: Guid(de04625d68a0a164f915e848e62ad5f3) Importer(815301076,1909f56bfc062723c751e8b465ee728b)
Start importing Assets/Tilesets/Grass/Ground Tileset_27.asset using Guid(de04625d68a0a164f915e848e62ad5f3) Importer(815301076,1909f56bfc062723c751e8b465ee728b)  -> (artifact id: 'e1c500b0d7e68929dfacd99e08ee828e') in 0.021210 seconds 
========================================================================
Received Import Request.
  Time since last request: 0.000045 seconds.
  path: Assets/Tilesets/Grass/Ground Tileset_2.asset
  artifactKey: Guid(d290cc7f03dcfdc46b7013f44cb887a9) Importer(815301076,1909f56bfc062723c751e8b465ee728b)
Start importing Assets/Tilesets/Grass/Ground Tileset_2.asset using Guid(d290cc7f03dcfdc46b7013f44cb887a9) Importer(815301076,1909f56bfc062723c751e8b465ee728b)  -> (artifact id: 'e5b001bdd6af502e617b198e6c0c4a95') in 0.022017 seconds 
========================================================================
Received Import Request.
  Time since last request: 0.000043 seconds.
  path: Assets/Tilesets/Grass/Ground Tileset_3.asset
  artifactKey: Guid(310407d65f9851d4d87d3cbe61c4db86) Importer(815301076,1909f56bfc062723c751e8b465ee728b)
Start importing Assets/Tilesets/Grass/Ground Tileset_3.asset using Guid(310407d65f9851d4d87d3cbe61c4db86) Importer(815301076,1909f56bfc062723c751e8b465ee728b)  -> (artifact id: '11f2f8effe940e001555d77ec2d1b3f1') in 0.021790 seconds 
========================================================================
Received Import Request.
  Time since last request: 8.324715 seconds.
  path: Assets/Tilesets/Grass/Ground Tileset.png
  artifactKey: Guid(386bcad2e3434c34082e016fcb0c8189) Importer(815301076,1909f56bfc062723c751e8b465ee728b)
Start importing Assets/Tilesets/Grass/Ground Tileset.png using Guid(386bcad2e3434c34082e016fcb0c8189) Importer(815301076,1909f56bfc062723c751e8b465ee728b)  -> (artifact id: 'd5ca40b51d542c6e109199188f278fca') in 0.060193 seconds 
========================================================================
Received Import Request.
  Time since last request: 7.004306 seconds.
  path: Assets/Tilesets/Grass/Ground Tileset.png
  artifactKey: Guid(386bcad2e3434c34082e016fcb0c8189) Importer(815301076,1909f56bfc062723c751e8b465ee728b)
Start importing Assets/Tilesets/Grass/Ground Tileset.png using Guid(386bcad2e3434c34082e016fcb0c8189) Importer(815301076,1909f56bfc062723c751e8b465ee728b)  -> (artifact id: 'fe9e9ccacac18d9f125d78f2bb689fab') in 0.022129 seconds 
========================================================================
Received Import Request.
  Time since last request: 6.779186 seconds.
  path: Assets/Tilesets/Grass/Ground Tileset.png
  artifactKey: Guid(386bcad2e3434c34082e016fcb0c8189) Importer(815301076,1909f56bfc062723c751e8b465ee728b)
Start importing Assets/Tilesets/Grass/Ground Tileset.png using Guid(386bcad2e3434c34082e016fcb0c8189) Importer(815301076,1909f56bfc062723c751e8b465ee728b)  -> (artifact id: 'b8d09ec1647fbc83b21d7d36f58d36e2') in 0.218627 seconds 
========================================================================
Received Import Request.
  Time since last request: 5.002146 seconds.
  path: Assets/Tilesets/Grass/Ground Tileset_35.asset
  artifactKey: Guid(1e929c8f2a36fcb499a09c30fa263661) Importer(815301076,1909f56bfc062723c751e8b465ee728b)
Start importing Assets/Tilesets/Grass/Ground Tileset_35.asset using Guid(1e929c8f2a36fcb499a09c30fa263661) Importer(815301076,1909f56bfc062723c751e8b465ee728b)  -> (artifact id: 'a9f8de8468055ce54af60c9aebe0efee') in 0.018520 seconds 
========================================================================
Received Import Request.
  Time since last request: 0.000027 seconds.
  path: Assets/Tilesets/Grass/Ground Tileset_37.asset
  artifactKey: Guid(28c6cfd52e8b9d849b92f39cef2e0454) Importer(815301076,1909f56bfc062723c751e8b465ee728b)
Start importing Assets/Tilesets/Grass/Ground Tileset_37.asset using Guid(28c6cfd52e8b9d849b92f39cef2e0454) Importer(815301076,1909f56bfc062723c751e8b465ee728b)  -> (artifact id: '8d39a54415e861bc41441e0f592b3bf5') in 0.017386 seconds 
========================================================================
Received Import Request.
  Time since last request: 0.000048 seconds.
  path: Assets/Tilesets/Grass/Ground Tileset_44.asset
  artifactKey: Guid(0fb4eca30076c0441bc84901d24fd4f1) Importer(815301076,1909f56bfc062723c751e8b465ee728b)
Start importing Assets/Tilesets/Grass/Ground Tileset_44.asset using Guid(0fb4eca30076c0441bc84901d24fd4f1) Importer(815301076,1909f56bfc062723c751e8b465ee728b)  -> (artifact id: 'f6a43c817d666f01254c6a7c21217ef0') in 0.019707 seconds 
========================================================================
Received Import Request.
  Time since last request: 0.000168 seconds.
  path: Assets/Tilesets/Grass/Ground Tileset_41.asset
  artifactKey: Guid(fec4a2043cadfaf4fa7086ff2f607807) Importer(815301076,1909f56bfc062723c751e8b465ee728b)
Start importing Assets/Tilesets/Grass/Ground Tileset_41.asset using Guid(fec4a2043cadfaf4fa7086ff2f607807) Importer(815301076,1909f56bfc062723c751e8b465ee728b)  -> (artifact id: '86e58bc1677f1e546f8792a9ce0e9576') in 0.019190 seconds 
========================================================================
Received Import Request.
  Time since last request: 0.000113 seconds.
  path: Assets/Tilesets/Grass/Ground Tileset_43.asset
  artifactKey: Guid(d991fce31238bef46bf9845cde1af613) Importer(815301076,1909f56bfc062723c751e8b465ee728b)
Start importing Assets/Tilesets/Grass/Ground Tileset_43.asset using Guid(d991fce31238bef46bf9845cde1af613) Importer(815301076,1909f56bfc062723c751e8b465ee728b)  -> (artifact id: '0dabd70520134ed96afb6e8f866b3d1f') in 0.018581 seconds 
========================================================================
Received Import Request.
  Time since last request: 0.000050 seconds.
  path: Assets/Tilesets/Grass/Ground Tileset_39.asset
  artifactKey: Guid(2049e76975ac66641ac562d24e95137d) Importer(815301076,1909f56bfc062723c751e8b465ee728b)
Start importing Assets/Tilesets/Grass/Ground Tileset_39.asset using Guid(2049e76975ac66641ac562d24e95137d) Importer(815301076,1909f56bfc062723c751e8b465ee728b)  -> (artifact id: '40d354ff4a3b96544a63cd81ea3a0a23') in 0.021654 seconds 
========================================================================
Received Import Request.
  Time since last request: 0.000039 seconds.
  path: Assets/Tilesets/Grass/Ground Tileset_38.asset
  artifactKey: Guid(e605021044d0973489d544b67ba9223f) Importer(815301076,1909f56bfc062723c751e8b465ee728b)
Start importing Assets/Tilesets/Grass/Ground Tileset_38.asset using Guid(e605021044d0973489d544b67ba9223f) Importer(815301076,1909f56bfc062723c751e8b465ee728b)  -> (artifact id: '030431457ecd9a9a40fda44d9d597ef1') in 0.017686 seconds 
========================================================================
Received Import Request.
  Time since last request: 12.858056 seconds.
  path: Assets/Tilesets/Grass/Ground Tile Palette.prefab
  artifactKey: Guid(073cb382b0807d644b43b891e112efe2) Importer(815301076,1909f56bfc062723c751e8b465ee728b)
Start importing Assets/Tilesets/Grass/Ground Tile Palette.prefab using Guid(073cb382b0807d644b43b891e112efe2) Importer(815301076,1909f56bfc062723c751e8b465ee728b)  -> (artifact id: '65a929ea8fbfb04c14e3db89c2291aef') in 0.042000 seconds 
========================================================================
Received Import Request.
  Time since last request: 16.469953 seconds.
  path: Assets/Tilesets/Grass/Ground Tile Palette.prefab
  artifactKey: Guid(073cb382b0807d644b43b891e112efe2) Importer(815301076,1909f56bfc062723c751e8b465ee728b)
Start importing Assets/Tilesets/Grass/Ground Tile Palette.prefab using Guid(073cb382b0807d644b43b891e112efe2) Importer(815301076,1909f56bfc062723c751e8b465ee728b)  -> (artifact id: '57eb6a0853e0a671102b69b21ad36dac') in 0.021012 seconds 
========================================================================
Received Import Request.
  Time since last request: 7.903171 seconds.
  path: Assets/Tilesets/Grass/Ground Tile Palette.prefab
  artifactKey: Guid(073cb382b0807d644b43b891e112efe2) Importer(815301076,1909f56bfc062723c751e8b465ee728b)
Start importing Assets/Tilesets/Grass/Ground Tile Palette.prefab using Guid(073cb382b0807d644b43b891e112efe2) Importer(815301076,1909f56bfc062723c751e8b465ee728b)  -> (artifact id: '296a2bcaa1a80717f6472bf81c3a4651') in 0.050710 seconds 
========================================================================
Received Import Request.
  Time since last request: 0.000030 seconds.
  path: Assets/Tilesets/Grass/Ground Tileset_4.asset
  artifactKey: Guid(0f1849eb10e73c149a93b0797c23a4f4) Importer(815301076,1909f56bfc062723c751e8b465ee728b)
Start importing Assets/Tilesets/Grass/Ground Tileset_4.asset using Guid(0f1849eb10e73c149a93b0797c23a4f4) Importer(815301076,1909f56bfc062723c751e8b465ee728b)  -> (artifact id: 'c3eec55df85f1cd01eb26b3936a0bc21') in 0.024629 seconds 
========================================================================
Received Import Request.
  Time since last request: 0.000035 seconds.
  path: Assets/Tilesets/Grass/Ground Tileset_7.asset
  artifactKey: Guid(79a6a16d2e65bcf458d1f18b35b622b3) Importer(815301076,1909f56bfc062723c751e8b465ee728b)
Start importing Assets/Tilesets/Grass/Ground Tileset_7.asset using Guid(79a6a16d2e65bcf458d1f18b35b622b3) Importer(815301076,1909f56bfc062723c751e8b465ee728b)  -> (artifact id: 'd2b43446a1f933bab5f97eefb942ed82') in 0.047065 seconds 
========================================================================
Received Import Request.
  Time since last request: 0.000049 seconds.
  path: Assets/Tilesets/Grass/Ground Tileset_18.asset
  artifactKey: Guid(a7021fef1d036f84a8ec307bf1887b8b) Importer(815301076,1909f56bfc062723c751e8b465ee728b)
Start importing Assets/Tilesets/Grass/Ground Tileset_18.asset using Guid(a7021fef1d036f84a8ec307bf1887b8b) Importer(815301076,1909f56bfc062723c751e8b465ee728b)  -> (artifact id: '21aedbbfcf51ce394fc7336037a4c352') in 0.021927 seconds 
========================================================================
Received Import Request.
  Time since last request: 0.000040 seconds.
  path: Assets/Tilesets/Grass/Ground Tileset_24.asset
  artifactKey: Guid(7a1913b5a82217e4593c1b30e8c421aa) Importer(815301076,1909f56bfc062723c751e8b465ee728b)
Start importing Assets/Tilesets/Grass/Ground Tileset_24.asset using Guid(7a1913b5a82217e4593c1b30e8c421aa) Importer(815301076,1909f56bfc062723c751e8b465ee728b)  -> (artifact id: 'd5d70a4e3cbd315d55aa50026f3b3fa3') in 0.024129 seconds 
========================================================================
Received Import Request.
  Time since last request: 0.000056 seconds.
  path: Assets/Tilesets/Grass/Ground Tileset_8.asset
  artifactKey: Guid(91a5521cfefb14842afaf9cdea390167) Importer(815301076,1909f56bfc062723c751e8b465ee728b)
Start importing Assets/Tilesets/Grass/Ground Tileset_8.asset using Guid(91a5521cfefb14842afaf9cdea390167) Importer(815301076,1909f56bfc062723c751e8b465ee728b)  -> (artifact id: '11e8d460d01c63804a140dd1d83fa0e6') in 0.021148 seconds 
========================================================================
Received Import Request.
  Time since last request: 0.000050 seconds.
  path: Assets/Tilesets/Grass/Ground Tileset_23.asset
  artifactKey: Guid(6c4b94252aff3164f980321eb1fdc2d6) Importer(815301076,1909f56bfc062723c751e8b465ee728b)
Start importing Assets/Tilesets/Grass/Ground Tileset_23.asset using Guid(6c4b94252aff3164f980321eb1fdc2d6) Importer(815301076,1909f56bfc062723c751e8b465ee728b)  -> (artifact id: '90e10200b8af031f2d438a56021896d2') in 0.022690 seconds 
========================================================================
Received Import Request.
  Time since last request: 0.000033 seconds.
  path: Assets/Tilesets/Grass/Ground Tileset_17.asset
  artifactKey: Guid(d5aad3fd67d8c9d4b949938ddc16ecb3) Importer(815301076,1909f56bfc062723c751e8b465ee728b)
Start importing Assets/Tilesets/Grass/Ground Tileset_17.asset using Guid(d5aad3fd67d8c9d4b949938ddc16ecb3) Importer(815301076,1909f56bfc062723c751e8b465ee728b)  -> (artifact id: '4935dd5070b9937f2abbc4bed402ef52') in 0.022920 seconds 
========================================================================
Received Import Request.
  Time since last request: 0.000038 seconds.
  path: Assets/Tilesets/Grass/Ground Tileset_22.asset
  artifactKey: Guid(41440114e4d2b424fbdf90aa6a419195) Importer(815301076,1909f56bfc062723c751e8b465ee728b)
Start importing Assets/Tilesets/Grass/Ground Tileset_22.asset using Guid(41440114e4d2b424fbdf90aa6a419195) Importer(815301076,1909f56bfc062723c751e8b465ee728b)  -> (artifact id: '53d01e4849742238eca389bb7f80513c') in 0.021292 seconds 
========================================================================
Received Import Request.
  Time since last request: 0.000052 seconds.
  path: Assets/Tilesets/Grass/Ground Tileset_19.asset
  artifactKey: Guid(c2a3fc2b79183734fbdb8f422e08dd47) Importer(815301076,1909f56bfc062723c751e8b465ee728b)
Start importing Assets/Tilesets/Grass/Ground Tileset_19.asset using Guid(c2a3fc2b79183734fbdb8f422e08dd47) Importer(815301076,1909f56bfc062723c751e8b465ee728b)  -> (artifact id: '7025bcb3585a95f379f7c4ab3a5553c3') in 0.020812 seconds 
========================================================================
Received Import Request.
  Time since last request: 0.000048 seconds.
  path: Assets/Tilesets/Grass/Ground Tileset_15.asset
  artifactKey: Guid(1ae41525da271584ea4f8271b1fac6b7) Importer(815301076,1909f56bfc062723c751e8b465ee728b)
Start importing Assets/Tilesets/Grass/Ground Tileset_15.asset using Guid(1ae41525da271584ea4f8271b1fac6b7) Importer(815301076,1909f56bfc062723c751e8b465ee728b)  -> (artifact id: '6559b63e99e631061f9d1aa07f4ea8d7') in 0.024904 seconds 
========================================================================
Received Import Request.
  Time since last request: 0.000033 seconds.
  path: Assets/Tilesets/Grass/Ground Tileset_16.asset
  artifactKey: Guid(ae66094661ce35d4dabd01fccca5af73) Importer(815301076,1909f56bfc062723c751e8b465ee728b)
Start importing Assets/Tilesets/Grass/Ground Tileset_16.asset using Guid(ae66094661ce35d4dabd01fccca5af73) Importer(815301076,1909f56bfc062723c751e8b465ee728b)  -> (artifact id: '14b3d674a67e7ff48c05d0d50d736bbf') in 0.018676 seconds 
========================================================================
Received Import Request.
  Time since last request: 0.000033 seconds.
  path: Assets/Tilesets/Grass/Ground Tileset_5.asset
  artifactKey: Guid(ad090b7cd9033c940985e249ecc4ab51) Importer(815301076,1909f56bfc062723c751e8b465ee728b)
Start importing Assets/Tilesets/Grass/Ground Tileset_5.asset using Guid(ad090b7cd9033c940985e249ecc4ab51) Importer(815301076,1909f56bfc062723c751e8b465ee728b)  -> (artifact id: 'c64e73123dde0dba208ba1157fef7c9a') in 0.022775 seconds 
========================================================================
Received Import Request.
  Time since last request: 0.000043 seconds.
  path: Assets/Tilesets/Grass/Ground Tileset_1.asset
  artifactKey: Guid(8540062e5ffeaac4eab9510d6d4f35e7) Importer(815301076,1909f56bfc062723c751e8b465ee728b)
Start importing Assets/Tilesets/Grass/Ground Tileset_1.asset using Guid(8540062e5ffeaac4eab9510d6d4f35e7) Importer(815301076,1909f56bfc062723c751e8b465ee728b)  -> (artifact id: '1812a81f910b1cb27ed132fec235ebef') in 0.022659 seconds 
========================================================================
Received Import Request.
  Time since last request: 0.000036 seconds.
  path: Assets/Tilesets/Grass/Ground Tileset_26.asset
  artifactKey: Guid(a21c864d5cfa00248919c12e210d9e3e) Importer(815301076,1909f56bfc062723c751e8b465ee728b)
Start importing Assets/Tilesets/Grass/Ground Tileset_26.asset using Guid(a21c864d5cfa00248919c12e210d9e3e) Importer(815301076,1909f56bfc062723c751e8b465ee728b)  -> (artifact id: 'b2b1e82bf4dc288f70c803eec1f51b63') in 0.023012 seconds 
========================================================================
Received Import Request.
  Time since last request: 0.000036 seconds.
  path: Assets/Tilesets/Grass/Ground Tileset_32.asset
  artifactKey: Guid(363edaba56d0770409da24baea79274f) Importer(815301076,1909f56bfc062723c751e8b465ee728b)
Start importing Assets/Tilesets/Grass/Ground Tileset_32.asset using Guid(363edaba56d0770409da24baea79274f) Importer(815301076,1909f56bfc062723c751e8b465ee728b)  -> (artifact id: '33ed7149e7e4ac4d2beb165383cb175c') in 0.021698 seconds 
========================================================================
Received Import Request.
  Time since last request: 0.000042 seconds.
  path: Assets/Tilesets/Grass/Ground Tileset_12.asset
  artifactKey: Guid(ff7b62669db2c4b4c9d4b4dac3339501) Importer(815301076,1909f56bfc062723c751e8b465ee728b)
Start importing Assets/Tilesets/Grass/Ground Tileset_12.asset using Guid(ff7b62669db2c4b4c9d4b4dac3339501) Importer(815301076,1909f56bfc062723c751e8b465ee728b)  -> (artifact id: '07dd87ccb7a3f40959b7a3693ebc6d06') in 0.021496 seconds 
========================================================================
Received Import Request.
  Time since last request: 0.000042 seconds.
  path: Assets/Tilesets/Grass/Ground Tileset_3.asset
  artifactKey: Guid(310407d65f9851d4d87d3cbe61c4db86) Importer(815301076,1909f56bfc062723c751e8b465ee728b)
Start importing Assets/Tilesets/Grass/Ground Tileset_3.asset using Guid(310407d65f9851d4d87d3cbe61c4db86) Importer(815301076,1909f56bfc062723c751e8b465ee728b)  -> (artifact id: 'c9755bbfa2457f8860ab087fc4d9dead') in 0.021313 seconds 
========================================================================
Received Import Request.
  Time since last request: 4.210699 seconds.
  path: Assets/Tilesets/Grass/Ground Tile Palette.prefab
  artifactKey: Guid(073cb382b0807d644b43b891e112efe2) Importer(815301076,1909f56bfc062723c751e8b465ee728b)
Start importing Assets/Tilesets/Grass/Ground Tile Palette.prefab using Guid(073cb382b0807d644b43b891e112efe2) Importer(815301076,1909f56bfc062723c751e8b465ee728b)  -> (artifact id: '6933b38934b2cec2aa473ecedace1d84') in 0.041791 seconds 
========================================================================
Received Import Request.
  Time since last request: 0.000042 seconds.
  path: Assets/Tilesets/Grass/Ground Tileset_25.asset
  artifactKey: Guid(d5f23317dd911af49933eab685b02d63) Importer(815301076,1909f56bfc062723c751e8b465ee728b)
Start importing Assets/Tilesets/Grass/Ground Tileset_25.asset using Guid(d5f23317dd911af49933eab685b02d63) Importer(815301076,1909f56bfc062723c751e8b465ee728b)  -> (artifact id: '0f5bd82b2fcf29f9793e4f2325aed278') in 0.010901 seconds 
========================================================================
Received Import Request.
  Time since last request: 0.000058 seconds.
  path: Assets/Tilesets/Grass/Ground Tileset_4.asset
  artifactKey: Guid(0f1849eb10e73c149a93b0797c23a4f4) Importer(815301076,1909f56bfc062723c751e8b465ee728b)
Start importing Assets/Tilesets/Grass/Ground Tileset_4.asset using Guid(0f1849eb10e73c149a93b0797c23a4f4) Importer(815301076,1909f56bfc062723c751e8b465ee728b)  -> (artifact id: '18c586217e4bc2a73b2ef11d37a022df') in 0.014765 seconds 
========================================================================
Received Import Request.
  Time since last request: 0.000046 seconds.
  path: Assets/Tilesets/Grass/Ground Tileset_7.asset
  artifactKey: Guid(79a6a16d2e65bcf458d1f18b35b622b3) Importer(815301076,1909f56bfc062723c751e8b465ee728b)
Start importing Assets/Tilesets/Grass/Ground Tileset_7.asset using Guid(79a6a16d2e65bcf458d1f18b35b622b3) Importer(815301076,1909f56bfc062723c751e8b465ee728b)  -> (artifact id: '7ae5013935072a2e026db0ead4fe8f67') in 0.012232 seconds 
========================================================================
Received Import Request.
  Time since last request: 0.000047 seconds.
  path: Assets/Tilesets/Grass/Ground Tileset_20.asset
  artifactKey: Guid(986a3809523dc6245b66ece91a7d9682) Importer(815301076,1909f56bfc062723c751e8b465ee728b)
Start importing Assets/Tilesets/Grass/Ground Tileset_20.asset using Guid(986a3809523dc6245b66ece91a7d9682) Importer(815301076,1909f56bfc062723c751e8b465ee728b)  -> (artifact id: 'dafd83533e7a51d20b81034293648a3e') in 0.013350 seconds 
========================================================================
Received Import Request.
  Time since last request: 0.000040 seconds.
  path: Assets/Tilesets/Grass/Ground Tileset_11.asset
  artifactKey: Guid(4300722c9889fe544b28d501776011cd) Importer(815301076,1909f56bfc062723c751e8b465ee728b)
Start importing Assets/Tilesets/Grass/Ground Tileset_11.asset using Guid(4300722c9889fe544b28d501776011cd) Importer(815301076,1909f56bfc062723c751e8b465ee728b)  -> (artifact id: '00ab73ed6a6b3a02418849e7e1f680db') in 0.010709 seconds 
========================================================================
Received Import Request.
  Time since last request: 0.000044 seconds.
  path: Assets/Tilesets/Grass/Ground Tileset_18.asset
  artifactKey: Guid(a7021fef1d036f84a8ec307bf1887b8b) Importer(815301076,1909f56bfc062723c751e8b465ee728b)
Start importing Assets/Tilesets/Grass/Ground Tileset_18.asset using Guid(a7021fef1d036f84a8ec307bf1887b8b) Importer(815301076,1909f56bfc062723c751e8b465ee728b)  -> (artifact id: 'a40dfa2c1f425b2cc36ab7b3854cf9e1') in 0.025324 seconds 
========================================================================
Received Import Request.
  Time since last request: 0.000027 seconds.
  path: Assets/Tilesets/Grass/Ground Tileset_31.asset
  artifactKey: Guid(3235ed2123e4bb1409e15669933c599d) Importer(815301076,1909f56bfc062723c751e8b465ee728b)
Start importing Assets/Tilesets/Grass/Ground Tileset_31.asset using Guid(3235ed2123e4bb1409e15669933c599d) Importer(815301076,1909f56bfc062723c751e8b465ee728b)  -> (artifact id: 'cce618d8bcd84527c1fd732b5ae41801') in 0.014586 seconds 
========================================================================
Received Import Request.
  Time since last request: 0.000036 seconds.
  path: Assets/Tilesets/Grass/Ground Tileset_24.asset
  artifactKey: Guid(7a1913b5a82217e4593c1b30e8c421aa) Importer(815301076,1909f56bfc062723c751e8b465ee728b)
Start importing Assets/Tilesets/Grass/Ground Tileset_24.asset using Guid(7a1913b5a82217e4593c1b30e8c421aa) Importer(815301076,1909f56bfc062723c751e8b465ee728b)  -> (artifact id: '6f160f586d6779f3a41f20fc5cc44d75') in 0.014512 seconds 
========================================================================
Received Import Request.
  Time since last request: 0.000035 seconds.
  path: Assets/Tilesets/Grass/Ground Tileset_33.asset
  artifactKey: Guid(2dd21ffc5cdddce4e9c69d38472224d5) Importer(815301076,1909f56bfc062723c751e8b465ee728b)
Start importing Assets/Tilesets/Grass/Ground Tileset_33.asset using Guid(2dd21ffc5cdddce4e9c69d38472224d5) Importer(815301076,1909f56bfc062723c751e8b465ee728b)  -> (artifact id: '3d15d9b46f89712864a926dc3ebb0a06') in 0.012789 seconds 
========================================================================
Received Import Request.
  Time since last request: 0.000039 seconds.
  path: Assets/Tilesets/Grass/Ground Tileset_21.asset
  artifactKey: Guid(a824210badf2d5f4f8634c31cc12b4cb) Importer(815301076,1909f56bfc062723c751e8b465ee728b)
Start importing Assets/Tilesets/Grass/Ground Tileset_21.asset using Guid(a824210badf2d5f4f8634c31cc12b4cb) Importer(815301076,1909f56bfc062723c751e8b465ee728b)  -> (artifact id: '3afc0d78b7447ab40c00a4db6722865b') in 0.019586 seconds 
========================================================================
Received Import Request.
  Time since last request: 0.000029 seconds.
  path: Assets/Tilesets/Grass/Ground Tileset_10.asset
  artifactKey: Guid(6449ad1109ec3414b8a4f32a33950e59) Importer(815301076,1909f56bfc062723c751e8b465ee728b)
Start importing Assets/Tilesets/Grass/Ground Tileset_10.asset using Guid(6449ad1109ec3414b8a4f32a33950e59) Importer(815301076,1909f56bfc062723c751e8b465ee728b)  -> (artifact id: '0b55c4f4a7eb7f257519094db9c757cf') in 0.012199 seconds 
========================================================================
Received Import Request.
  Time since last request: 0.000039 seconds.
  path: Assets/Tilesets/Grass/Ground Tileset_28.asset
  artifactKey: Guid(9ab7b0d714cc14b44b0068f92c5a96de) Importer(815301076,1909f56bfc062723c751e8b465ee728b)
Start importing Assets/Tilesets/Grass/Ground Tileset_28.asset using Guid(9ab7b0d714cc14b44b0068f92c5a96de) Importer(815301076,1909f56bfc062723c751e8b465ee728b)  -> (artifact id: 'd8c63310898ee7efb076e0a4096b2a8c') in 0.012000 seconds 
========================================================================
Received Import Request.
  Time since last request: 0.000070 seconds.
  path: Assets/Tilesets/Grass/Ground Tileset_19.asset
  artifactKey: Guid(c2a3fc2b79183734fbdb8f422e08dd47) Importer(815301076,1909f56bfc062723c751e8b465ee728b)
Start importing Assets/Tilesets/Grass/Ground Tileset_19.asset using Guid(c2a3fc2b79183734fbdb8f422e08dd47) Importer(815301076,1909f56bfc062723c751e8b465ee728b)  -> (artifact id: '27631a1ad6a4ef3d9b62ba3d9214546a') in 0.011609 seconds 
========================================================================
Received Import Request.
  Time since last request: 0.000067 seconds.
  path: Assets/Tilesets/Grass/Ground Tileset_15.asset
  artifactKey: Guid(1ae41525da271584ea4f8271b1fac6b7) Importer(815301076,1909f56bfc062723c751e8b465ee728b)
Start importing Assets/Tilesets/Grass/Ground Tileset_15.asset using Guid(1ae41525da271584ea4f8271b1fac6b7) Importer(815301076,1909f56bfc062723c751e8b465ee728b)  -> (artifact id: 'e8f83a9c2a0ebd054f4f8ed0e8ee5c98') in 0.013256 seconds 
========================================================================
Received Import Request.
  Time since last request: 0.000045 seconds.
  path: Assets/Tilesets/Grass/Ground Tileset_13.asset
  artifactKey: Guid(12273d806a2e950448181169a1a952ab) Importer(815301076,1909f56bfc062723c751e8b465ee728b)
Start importing Assets/Tilesets/Grass/Ground Tileset_13.asset using Guid(12273d806a2e950448181169a1a952ab) Importer(815301076,1909f56bfc062723c751e8b465ee728b)  -> (artifact id: '7c92fe1784c6a7c5c840686e8f157040') in 0.011687 seconds 
========================================================================
Received Import Request.
  Time since last request: 0.000036 seconds.
  path: Assets/Tilesets/Grass/Ground Tileset_5.asset
  artifactKey: Guid(ad090b7cd9033c940985e249ecc4ab51) Importer(815301076,1909f56bfc062723c751e8b465ee728b)
Start importing Assets/Tilesets/Grass/Ground Tileset_5.asset using Guid(ad090b7cd9033c940985e249ecc4ab51) Importer(815301076,1909f56bfc062723c751e8b465ee728b)  -> (artifact id: '5ceade59d22e6cef6e7468b3bdb63ae7') in 0.011326 seconds 
========================================================================
Received Import Request.
  Time since last request: 0.000056 seconds.
  path: Assets/Tilesets/Grass/Ground Tileset_1.asset
  artifactKey: Guid(8540062e5ffeaac4eab9510d6d4f35e7) Importer(815301076,1909f56bfc062723c751e8b465ee728b)
Start importing Assets/Tilesets/Grass/Ground Tileset_1.asset using Guid(8540062e5ffeaac4eab9510d6d4f35e7) Importer(815301076,1909f56bfc062723c751e8b465ee728b)  -> (artifact id: 'b7c6d98457782c5b98faf71f7d8e4aa0') in 0.011899 seconds 
========================================================================
Received Import Request.
  Time since last request: 0.000034 seconds.
  path: Assets/Tilesets/Grass/Ground Tileset_14.asset
  artifactKey: Guid(3e333823ec581a94eb748b382db32b68) Importer(815301076,1909f56bfc062723c751e8b465ee728b)
Start importing Assets/Tilesets/Grass/Ground Tileset_14.asset using Guid(3e333823ec581a94eb748b382db32b68) Importer(815301076,1909f56bfc062723c751e8b465ee728b)  -> (artifact id: '2fe0ad3f0c6901cc69177360829f0331') in 0.011519 seconds 
========================================================================
Received Import Request.
  Time since last request: 0.000030 seconds.
  path: Assets/Tilesets/Grass/Ground Tileset_27.asset
  artifactKey: Guid(de04625d68a0a164f915e848e62ad5f3) Importer(815301076,1909f56bfc062723c751e8b465ee728b)
Start importing Assets/Tilesets/Grass/Ground Tileset_27.asset using Guid(de04625d68a0a164f915e848e62ad5f3) Importer(815301076,1909f56bfc062723c751e8b465ee728b)  -> (artifact id: 'd248d8ece390694347c2f502dbdfb06a') in 0.012635 seconds 
========================================================================
Received Import Request.
  Time since last request: 0.000024 seconds.
  path: Assets/Tilesets/Grass/Ground Tileset_12.asset
  artifactKey: Guid(ff7b62669db2c4b4c9d4b4dac3339501) Importer(815301076,1909f56bfc062723c751e8b465ee728b)
Start importing Assets/Tilesets/Grass/Ground Tileset_12.asset using Guid(ff7b62669db2c4b4c9d4b4dac3339501) Importer(815301076,1909f56bfc062723c751e8b465ee728b)  -> (artifact id: '7c75d9c6ace666142ebd68d0e934b738') in 0.011332 seconds 
========================================================================
Received Import Request.
  Time since last request: 0.000038 seconds.
  path: Assets/Tilesets/Grass/Ground Tileset_3.asset
  artifactKey: Guid(310407d65f9851d4d87d3cbe61c4db86) Importer(815301076,1909f56bfc062723c751e8b465ee728b)
Start importing Assets/Tilesets/Grass/Ground Tileset_3.asset using Guid(310407d65f9851d4d87d3cbe61c4db86) Importer(815301076,1909f56bfc062723c751e8b465ee728b)  -> (artifact id: 'e862f62f3528f0441a0517afc56ef560') in 0.013924 seconds 
========================================================================
Received Import Request.
  Time since last request: 695.378960 seconds.
  path: Assets/Tilesets/Ground Rule Tile.asset
  artifactKey: Guid(ab50f03c025ed3245b345a52416e0443) Importer(815301076,1909f56bfc062723c751e8b465ee728b)
Start importing Assets/Tilesets/Ground Rule Tile.asset using Guid(ab50f03c025ed3245b345a52416e0443) Importer(815301076,1909f56bfc062723c751e8b465ee728b)  -> (artifact id: 'acc213608e135104b0ca61a4d7a222b4') in 0.037225 seconds 
========================================================================
Received Import Request.
  Time since last request: 1.896591 seconds.
  path: Assets/Tilesets/Grass/Ground Tileset_32.asset
  artifactKey: Guid(363edaba56d0770409da24baea79274f) Importer(815301076,1909f56bfc062723c751e8b465ee728b)
Start importing Assets/Tilesets/Grass/Ground Tileset_32.asset using Guid(363edaba56d0770409da24baea79274f) Importer(815301076,1909f56bfc062723c751e8b465ee728b)  -> (artifact id: '0e25f720647b6f81c48be1fd0ea78593') in 0.041601 seconds 
========================================================================
Received Import Request.
  Time since last request: 0.001059 seconds.
  path: Assets/Tilesets/Grass/Ground Tileset_36.asset
  artifactKey: Guid(100b38353462d574b922cb2a46398b75) Importer(815301076,1909f56bfc062723c751e8b465ee728b)
Start importing Assets/Tilesets/Grass/Ground Tileset_36.asset using Guid(100b38353462d574b922cb2a46398b75) Importer(815301076,1909f56bfc062723c751e8b465ee728b)  -> (artifact id: '8d81d989a371ba836ffcd1d0a8bc322e') in 0.042957 seconds 
========================================================================
Received Import Request.
  Time since last request: 0.000035 seconds.
  path: Assets/Tilesets/Grass/Ground Tileset_47.asset
  artifactKey: Guid(44bc98aaec5040d428222c0dc0b3df23) Importer(815301076,1909f56bfc062723c751e8b465ee728b)
Start importing Assets/Tilesets/Grass/Ground Tileset_47.asset using Guid(44bc98aaec5040d428222c0dc0b3df23) Importer(815301076,1909f56bfc062723c751e8b465ee728b)  -> (artifact id: 'e2e3426783e4210098874dbc36112ab9') in 0.041098 seconds 
========================================================================
Received Import Request.
  Time since last request: 0.000060 seconds.
  path: Assets/Tilesets/Grass/Ground Tileset_44.asset
  artifactKey: Guid(0fb4eca30076c0441bc84901d24fd4f1) Importer(815301076,1909f56bfc062723c751e8b465ee728b)
Start importing Assets/Tilesets/Grass/Ground Tileset_44.asset using Guid(0fb4eca30076c0441bc84901d24fd4f1) Importer(815301076,1909f56bfc062723c751e8b465ee728b)  -> (artifact id: '575466459c5f26eb4ae0a6c7d364ec93') in 0.042538 seconds 
========================================================================
Received Import Request.
  Time since last request: 0.000055 seconds.
  path: Assets/Tilesets/Grass/Ground Tileset_45.asset
  artifactKey: Guid(59c3fd87dd8dd924c99403bd902d78e9) Importer(815301076,1909f56bfc062723c751e8b465ee728b)
Start importing Assets/Tilesets/Grass/Ground Tileset_45.asset using Guid(59c3fd87dd8dd924c99403bd902d78e9) Importer(815301076,1909f56bfc062723c751e8b465ee728b)  -> (artifact id: 'dcdc6cbbcd56efddef14cfeb13fd4aac') in 0.056623 seconds 
========================================================================
Received Import Request.
  Time since last request: 0.000037 seconds.
  path: Assets/Tilesets/Grass/Ground Tileset_40.asset
  artifactKey: Guid(f907a7447f1143941b1ee3e56d4f284a) Importer(815301076,1909f56bfc062723c751e8b465ee728b)
Start importing Assets/Tilesets/Grass/Ground Tileset_40.asset using Guid(f907a7447f1143941b1ee3e56d4f284a) Importer(815301076,1909f56bfc062723c751e8b465ee728b)  -> (artifact id: '309ff3973507710c41c5ab523af85f1a') in 0.035759 seconds 
========================================================================
Received Import Request.
  Time since last request: 0.000058 seconds.
  path: Assets/Tilesets/Grass/Ground Tileset_35.asset
  artifactKey: Guid(1e929c8f2a36fcb499a09c30fa263661) Importer(815301076,1909f56bfc062723c751e8b465ee728b)
Start importing Assets/Tilesets/Grass/Ground Tileset_35.asset using Guid(1e929c8f2a36fcb499a09c30fa263661) Importer(815301076,1909f56bfc062723c751e8b465ee728b)  -> (artifact id: '73ece71d3100d573c00868bc35ea232a') in 0.030582 seconds 
========================================================================
Received Import Request.
  Time since last request: 0.000044 seconds.
  path: Assets/Tilesets/Grass/Ground Tileset_39.asset
  artifactKey: Guid(2049e76975ac66641ac562d24e95137d) Importer(815301076,1909f56bfc062723c751e8b465ee728b)
Start importing Assets/Tilesets/Grass/Ground Tileset_39.asset using Guid(2049e76975ac66641ac562d24e95137d) Importer(815301076,1909f56bfc062723c751e8b465ee728b)  -> (artifact id: '611ae9339fdef02321888947d247a70e') in 0.028655 seconds 
