Using pre-set license
Built from '2022.1/staging' branch; Version is '2022.1.16f1 (7321c9670bc2) revision 7545289'; Using compiler version '192829333'; Build Type 'Release'
OS: 'Windows 10  (10.0.19045) 64bit Education' Language: 'en' Physical Memory: 8117 MB
BatchMode: 1, IsHumanControllingUs: 0, StartBugReporterOnCrash: 0, Is64bit: 1, IsPro: 1

COMMAND LINE ARGUMENTS:
C:\Program Files\Unity\Hub\Editor\2022.1.16f1\Editor\Unity.exe
-adb2
-batchMode
-noUpm
-name
AssetImportWorker2
-projectPath
C:/Users/539993/OneDrive - eastsussexcollegegroup/Unity Games/2D RPG V2
-logFile
Logs/AssetImportWorker2.log
-srvPort
52397
Successfully changed project path to: C:/Users/539993/OneDrive - eastsussexcollegegroup/Unity Games/2D RPG V2
C:/Users/539993/OneDrive - eastsussexcollegegroup/Unity Games/2D RPG V2
[UnityMemory] Configuration Parameters - Can be set up in boot.config
    "memorysetup-bucket-allocator-granularity=16"
    "memorysetup-bucket-allocator-bucket-count=8"
    "memorysetup-bucket-allocator-block-size=33554432"
    "memorysetup-bucket-allocator-block-count=8"
    "memorysetup-main-allocator-block-size=16777216"
    "memorysetup-thread-allocator-block-size=16777216"
    "memorysetup-gfx-main-allocator-block-size=16777216"
    "memorysetup-gfx-thread-allocator-block-size=16777216"
    "memorysetup-cache-allocator-block-size=4194304"
    "memorysetup-typetree-allocator-block-size=2097152"
    "memorysetup-profiler-bucket-allocator-granularity=16"
    "memorysetup-profiler-bucket-allocator-bucket-count=8"
    "memorysetup-profiler-bucket-allocator-block-size=33554432"
    "memorysetup-profiler-bucket-allocator-block-count=8"
    "memorysetup-profiler-allocator-block-size=16777216"
    "memorysetup-profiler-editor-allocator-block-size=1048576"
    "memorysetup-temp-allocator-size-main=16777216"
    "memorysetup-job-temp-allocator-block-size=2097152"
    "memorysetup-job-temp-allocator-block-size-background=1048576"
    "memorysetup-job-temp-allocator-reduction-small-platforms=262144"
    "memorysetup-temp-allocator-size-background-worker=32768"
    "memorysetup-temp-allocator-size-job-worker=262144"
    "memorysetup-temp-allocator-size-preload-manager=33554432"
    "memorysetup-temp-allocator-size-nav-mesh-worker=65536"
    "memorysetup-temp-allocator-size-audio-worker=65536"
    "memorysetup-temp-allocator-size-cloud-worker=32768"
    "memorysetup-temp-allocator-size-gi-baking-worker=262144"
    "memorysetup-temp-allocator-size-gfx=262144"
Refreshing native plugins compatible for Editor in 138.42 ms, found 4 plugins.
Preloading 0 native plugins for Editor in 0.00 ms.
Initialize engine version: 2022.1.16f1 (7321c9670bc2)
[Subsystems] Discovering subsystems at path C:/Program Files/Unity/Hub/Editor/2022.1.16f1/Editor/Data/Resources/UnitySubsystems
[Subsystems] Discovering subsystems at path C:/Users/539993/OneDrive - eastsussexcollegegroup/Unity Games/2D RPG V2/Assets
GfxDevice: creating device client; threaded=0; jobified=0
Direct3D:
    Version:  Direct3D 11.0 [level 11.1]
    Renderer: NVIDIA GeForce GTX 1650 (ID=0x2188)
    Vendor:   NVIDIA
    VRAM:     3949 MB
    Driver:   31.0.15.3758
Initialize mono
Mono path[0] = 'C:/Program Files/Unity/Hub/Editor/2022.1.16f1/Editor/Data/Managed'
Mono path[1] = 'C:/Program Files/Unity/Hub/Editor/2022.1.16f1/Editor/Data/MonoBleedingEdge/lib/mono/unityjit-win32'
Mono config path = 'C:/Program Files/Unity/Hub/Editor/2022.1.16f1/Editor/Data/MonoBleedingEdge/etc'
Using monoOptions --debugger-agent=transport=dt_socket,embedding=1,server=y,suspend=n,address=127.0.0.1:56504
Begin MonoManager ReloadAssembly
Registering precompiled unity dll's ...
Register platform support module: C:/Program Files/Unity/Hub/Editor/2022.1.16f1/Editor/Data/PlaybackEngines/WebGLSupport/UnityEditor.WebGL.Extensions.dll
Register platform support module: C:/Program Files/Unity/Hub/Editor/2022.1.16f1/Editor/Data/PlaybackEngines/MacStandaloneSupport/UnityEditor.OSXStandalone.Extensions.dll
Register platform support module: C:/Program Files/Unity/Hub/Editor/2022.1.16f1/Editor/Data/PlaybackEngines/AndroidPlayer/UnityEditor.Android.Extensions.dll
Register platform support module: C:/Program Files/Unity/Hub/Editor/2022.1.16f1/Editor/Data/PlaybackEngines/iOSSupport/UnityEditor.iOS.Extensions.dll
Register platform support module: C:/Program Files/Unity/Hub/Editor/2022.1.16f1/Editor/Data/PlaybackEngines/AppleTVSupport/UnityEditor.AppleTV.Extensions.dll
Register platform support module: C:/Program Files/Unity/Hub/Editor/2022.1.16f1/Editor/Data/PlaybackEngines/WindowsStandaloneSupport/UnityEditor.WindowsStandalone.Extensions.dll
Register platform support module: C:/Program Files/Unity/Hub/Editor/2022.1.16f1/Editor/Data/PlaybackEngines/LinuxStandaloneSupport/UnityEditor.LinuxStandalone.Extensions.dll
Register platform support module: C:/Program Files/Unity/Hub/Editor/2022.1.16f1/Editor/Data/PlaybackEngines/MetroSupport/UnityEditor.UWP.Extensions.dll
Registered in 0.018869 seconds.
Native extension for UWP target not found
Native extension for LinuxStandalone target not found
Native extension for WindowsStandalone target not found
[usbmuxd] Start listen thread
[usbmuxd] Listen thread started
Native extension for AppleTV target not found
[usbmuxd] Start listen thread
[usbmuxd] Listen thread started
Native extension for iOS target not found
Native extension for Android target not found
Native extension for OSXStandalone target not found
Native extension for WebGL target not found
Refreshing native plugins compatible for Editor in 131.05 ms, found 4 plugins.
Preloading 0 native plugins for Editor in 0.00 ms.
Mono: successfully reloaded assembly
- Completed reload, in  0.775 seconds
Domain Reload Profiling:
	ReloadAssembly (776ms)
		BeginReloadAssembly (98ms)
			ExecutionOrderSort (0ms)
			DisableScriptedObjects (0ms)
			BackupInstance (0ms)
			ReleaseScriptingObjects (0ms)
			CreateAndSetChildDomain (1ms)
		EndReloadAssembly (545ms)
			LoadAssemblies (93ms)
			RebuildTransferFunctionScriptingTraits (0ms)
			SetupTypeCache (115ms)
				TypeCache.Initialize (115ms)
					TypeCache.ScanAssembly (113ms)
				ResolveRequiredComponents (1ms)
			ReleaseScriptCaches (0ms)
			RebuildScriptCaches (26ms)
			SetupLoadedEditorAssemblies (345ms)
				LogAssemblyErrors (0ms)
				InitializePlatformSupportModulesInManaged (69ms)
				SetLoadedEditorAssemblies (6ms)
				RefreshPlugins (131ms)
				BeforeProcessingInitializeOnLoad (1ms)
				ProcessInitializeOnLoadAttributes (96ms)
				ProcessInitializeOnLoadMethodAttributes (42ms)
				AfterProcessingInitializeOnLoad (0ms)
				EditorAssembliesLoaded (0ms)
			ExecutionOrderSort2 (0ms)
			AwakeInstancesAfterBackupRestoration (0ms)
Platform modules already initialized, skipping
Registering precompiled user dll's ...
Registered in 0.009673 seconds.
Begin MonoManager ReloadAssembly
Symbol file LoadedFromMemory doesn't match image C:\Users\539993\OneDrive - eastsussexcollegegroup\Unity Games\2D RPG V2\Library\PackageCache\com.unity.visualscripting@1.7.8\Editor\VisualScripting.Core\Dependencies\YamlDotNet\Unity.VisualScripting.YamlDotNet.dll
Symbol file LoadedFromMemory doesn't match image C:\Users\539993\OneDrive - eastsussexcollegegroup\Unity Games\2D RPG V2\Library\PackageCache\com.unity.visualscripting@1.7.8\Editor\VisualScripting.Core\Dependencies\DotNetZip\Unity.VisualScripting.IonicZip.dll
Native extension for UWP target not found
Native extension for LinuxStandalone target not found
Native extension for WindowsStandalone target not found
Native extension for AppleTV target not found
Native extension for iOS target not found
Native extension for Android target not found
Native extension for OSXStandalone target not found
Native extension for WebGL target not found
Refreshing native plugins compatible for Editor in 140.98 ms, found 4 plugins.
Preloading 0 native plugins for Editor in 0.00 ms.
Mono: successfully reloaded assembly
- Completed reload, in  9.567 seconds
Domain Reload Profiling:
	ReloadAssembly (9569ms)
		BeginReloadAssembly (145ms)
			ExecutionOrderSort (0ms)
			DisableScriptedObjects (5ms)
			BackupInstance (0ms)
			ReleaseScriptingObjects (0ms)
			CreateAndSetChildDomain (27ms)
		EndReloadAssembly (9202ms)
			LoadAssemblies (5980ms)
			RebuildTransferFunctionScriptingTraits (0ms)
			SetupTypeCache (970ms)
				TypeCache.Initialize (956ms)
					TypeCache.ScanAssembly (951ms)
				ResolveRequiredComponents (14ms)
			ReleaseScriptCaches (1ms)
			RebuildScriptCaches (82ms)
			SetupLoadedEditorAssemblies (2116ms)
				LogAssemblyErrors (0ms)
				InitializePlatformSupportModulesInManaged (39ms)
				SetLoadedEditorAssemblies (7ms)
				RefreshPlugins (141ms)
				BeforeProcessingInitializeOnLoad (155ms)
				ProcessInitializeOnLoadAttributes (584ms)
				ProcessInitializeOnLoadMethodAttributes (1172ms)
				AfterProcessingInitializeOnLoad (17ms)
				EditorAssembliesLoaded (0ms)
			ExecutionOrderSort2 (0ms)
			AwakeInstancesAfterBackupRestoration (6ms)
Platform modules already initialized, skipping
========================================================================
Worker process is ready to serve import requests
Launched and connected shader compiler UnityShaderCompiler.exe after 0.12 seconds
Refreshing native plugins compatible for Editor in 3.24 ms, found 4 plugins.
Preloading 0 native plugins for Editor in 0.00 ms.
Unloading 6240 Unused Serialized files (Serialized files now loaded: 0)
Unloading 56 unused Assets / (418.3 KB). Loaded Objects now: 6697.
Memory consumption went from 0.96 GB to 0.96 GB.
Total: 13.192600 ms (FindLiveObjects: 4.113000 ms CreateObjectMapping: 0.910300 ms MarkObjects: 7.739900 ms  DeleteObjects: 0.426300 ms)

AssetImportParameters requested are different than current active one (requested -> active):
  custom:video-decoder-ogg-theora: a1e56fd34408186e4bbccfd4996cb3dc -> 
  custom:container-muxer-webm: aa71ff27fc2769a1b78a27578f13a17b -> 
  custom:container-demuxer-webm: 4f35f7cbe854078d1ac9338744f61a02 -> 
  custom:video-encoder-webm-vp8: eb34c28f22e8b96e1ab97ce403110664 -> 
  custom:audio-encoder-webm-vorbis: bf7c407c2cedff20999df2af8eb42d56 -> 
  custom:framework-win-MediaFoundation: 216162199b28c13a410421893ffa2e32 -> 
  custom:container-demuxer-ogg: 62fdf1f143b41e24485cea50d1cbac27 -> 
  custom:video-decoder-webm-vp8: 9c59270c3fd7afecdb556c50c9e8de78 -> 
  custom:audio-decoder-ogg-vorbis: bf7c407c2cedff20999df2af8eb42d56 -> 
========================================================================
Received Import Request.
  Time since last request: 74491.422497 seconds.
  path: Assets/Examples
  artifactKey: Guid(77052f0896c084e69948e225f3e12a3b) Importer(815301076,1909f56bfc062723c751e8b465ee728b)
Start importing Assets/Examples using Guid(77052f0896c084e69948e225f3e12a3b) Importer(815301076,1909f56bfc062723c751e8b465ee728b)  -> (artifact id: '1646743a96eacd0c19713169b54ca1d7') in 0.027406 seconds 
========================================================================
Received Import Request.
  Time since last request: 0.585521 seconds.
  path: Assets/Examples/2D RPG Platformer
  artifactKey: Guid(e326fa4bfc0d54ea6b4565fa75842542) Importer(815301076,1909f56bfc062723c751e8b465ee728b)
Start importing Assets/Examples/2D RPG Platformer using Guid(e326fa4bfc0d54ea6b4565fa75842542) Importer(815301076,1909f56bfc062723c751e8b465ee728b)  -> (artifact id: 'f8498f52b93f2b2386d3f4c7cbb13e58') in 0.011340 seconds 
========================================================================
Received Import Request.
  Time since last request: 1.466908 seconds.
  path: Assets/Examples/2D RPG Platformer/Animations
  artifactKey: Guid(52a75e8ac08edb14c9fa5aac16b4bce8) Importer(815301076,1909f56bfc062723c751e8b465ee728b)
Start importing Assets/Examples/2D RPG Platformer/Animations using Guid(52a75e8ac08edb14c9fa5aac16b4bce8) Importer(815301076,1909f56bfc062723c751e8b465ee728b)  -> (artifact id: 'dc2fc288e066a5e74172a25dc3cd8964') in 0.011356 seconds 
========================================================================
Received Import Request.
  Time since last request: 1.475490 seconds.
  path: Assets/Examples/2D RPG Platformer/Prefabs
  artifactKey: Guid(94ee317d1b63c114d8b4d1c0ba7bed9e) Importer(815301076,1909f56bfc062723c751e8b465ee728b)
Start importing Assets/Examples/2D RPG Platformer/Prefabs using Guid(94ee317d1b63c114d8b4d1c0ba7bed9e) Importer(815301076,1909f56bfc062723c751e8b465ee728b)  -> (artifact id: '4f6b795793aac4520c959bcf919600cb') in 0.012796 seconds 
========================================================================
Received Import Request.
  Time since last request: 0.030064 seconds.
  path: Assets/Examples/2D RPG Platformer/Prefabs/Coin.prefab
  artifactKey: Guid(a48c5c05be7e62944bac881fc7948ab8) Importer(815301076,1909f56bfc062723c751e8b465ee728b)
Start importing Assets/Examples/2D RPG Platformer/Prefabs/Coin.prefab using Guid(a48c5c05be7e62944bac881fc7948ab8) Importer(815301076,1909f56bfc062723c751e8b465ee728b)  -> (artifact id: '849c61f415a655102eb5e2f4df30bb5a') in 0.316903 seconds 
========================================================================
Received Import Request.
  Time since last request: 82.264014 seconds.
  path: Assets/Examples/2D RPG Platformer/Assets
  artifactKey: Guid(06e8b4b3ca6e7cb40a14e0a1f22a383c) Importer(815301076,1909f56bfc062723c751e8b465ee728b)
Start importing Assets/Examples/2D RPG Platformer/Assets using Guid(06e8b4b3ca6e7cb40a14e0a1f22a383c) Importer(815301076,1909f56bfc062723c751e8b465ee728b)  -> (artifact id: '65cc1a5132f827d1b176921da8f80f1b') in 0.014231 seconds 
========================================================================
Received Import Request.
  Time since last request: 0.014377 seconds.
  path: Assets/Examples/2D RPG Platformer/Assets/spikes.png
  artifactKey: Guid(2619d8d2089663a478ac3035deedf2d3) Importer(815301076,1909f56bfc062723c751e8b465ee728b)
Start importing Assets/Examples/2D RPG Platformer/Assets/spikes.png using Guid(2619d8d2089663a478ac3035deedf2d3) Importer(815301076,1909f56bfc062723c751e8b465ee728b)  -> (artifact id: '63aaf1b441213db9b7c3febae01d3aaf') in 0.107626 seconds 
========================================================================
Received Import Request.
  Time since last request: 4.825346 seconds.
  path: Assets/Examples/2D RPG Platformer/Assets/coin
  artifactKey: Guid(62e94431361972948b37ff32a3e8183e) Importer(815301076,1909f56bfc062723c751e8b465ee728b)
Start importing Assets/Examples/2D RPG Platformer/Assets/coin using Guid(62e94431361972948b37ff32a3e8183e) Importer(815301076,1909f56bfc062723c751e8b465ee728b)  -> (artifact id: 'bd1accd67cd9977f770058290ad538fa') in 0.011441 seconds 
========================================================================
Received Import Request.
  Time since last request: 0.030319 seconds.
  path: Assets/Examples/2D RPG Platformer/Assets/coin/coin(1).png
  artifactKey: Guid(1b12b977461d13a458ad21d1d16d4fad) Importer(815301076,1909f56bfc062723c751e8b465ee728b)
Start importing Assets/Examples/2D RPG Platformer/Assets/coin/coin(1).png using Guid(1b12b977461d13a458ad21d1d16d4fad) Importer(815301076,1909f56bfc062723c751e8b465ee728b)  -> (artifact id: 'e60cef52262aef5c70fd4d8d61cd0cb2') in 0.037417 seconds 
========================================================================
Received Import Request.
  Time since last request: 0.000046 seconds.
  path: Assets/Examples/2D RPG Platformer/Assets/coin/coin(6).png
  artifactKey: Guid(abd3e4b08db3bc146b7392327ed71991) Importer(815301076,1909f56bfc062723c751e8b465ee728b)
Start importing Assets/Examples/2D RPG Platformer/Assets/coin/coin(6).png using Guid(abd3e4b08db3bc146b7392327ed71991) Importer(815301076,1909f56bfc062723c751e8b465ee728b)  -> (artifact id: 'c7b5bb64f17912a7b855d57bc9d766e8') in 0.038404 seconds 
========================================================================
Received Import Request.
  Time since last request: 0.000044 seconds.
  path: Assets/Examples/2D RPG Platformer/Assets/coin/coin(3).png
  artifactKey: Guid(de0ea4f08363dcd4c8b8ae9a0cd3ee18) Importer(815301076,1909f56bfc062723c751e8b465ee728b)
Start importing Assets/Examples/2D RPG Platformer/Assets/coin/coin(3).png using Guid(de0ea4f08363dcd4c8b8ae9a0cd3ee18) Importer(815301076,1909f56bfc062723c751e8b465ee728b)  -> (artifact id: 'eb8a5d41b7cec0f1ce8dec4bab8d7b7c') in 0.034367 seconds 
Editor requested this worker to shutdown with reason: Scaling down because of idle timeout
AssetImportWorker is now disconnected from the server
Process exiting
Exiting without the bug reporter. Application will terminate with return code 0